# Logfile created on 2014-02-23 08:54:09 +1100 by logger.rb/41954
I, [2014-02-23T08:54:09.651402 #5969]  INFO -- : 0:  blankslate (3.1.2) from /Users/vlad/.rvm/gems/ruby-2.0.0-p353/specifications/blankslate-3.1.2.gemspec
I, [2014-02-23T08:54:12.049943 #5969]  INFO -- : 0:  chunky_png (1.3.0) from /Users/vlad/.rvm/gems/ruby-2.0.0-p353/specifications/chunky_png-1.3.0.gemspec
I, [2014-02-23T08:54:14.239334 #5969]  INFO -- : 0:  fast-stemmer (1.0.2) from /Users/vlad/.rvm/gems/ruby-2.0.0-p353/specifications/fast-stemmer-1.0.2.gemspec
I, [2014-02-23T08:54:15.954378 #5969]  INFO -- : 0:  classifier (1.3.4) from /Users/vlad/.rvm/gems/ruby-2.0.0-p353/specifications/classifier-1.3.4.gemspec
I, [2014-02-23T08:54:17.639466 #5969]  INFO -- : 0:  coffee-script-source (1.7.0) from /Users/vlad/.rvm/gems/ruby-2.0.0-p353/specifications/coffee-script-source-1.7.0.gemspec
I, [2014-02-23T08:54:19.318817 #5969]  INFO -- : 0:  execjs (2.0.2) from /Users/vlad/.rvm/gems/ruby-2.0.0-p353/specifications/execjs-2.0.2.gemspec
I, [2014-02-23T08:54:20.897851 #5969]  INFO -- : 0:  coffee-script (2.2.0) from /Users/vlad/.rvm/gems/ruby-2.0.0-p353/specifications/coffee-script-2.2.0.gemspec
I, [2014-02-23T08:54:22.438266 #5969]  INFO -- : 0:  colorator (0.1) from /Users/vlad/.rvm/gems/ruby-2.0.0-p353/specifications/colorator-0.1.gemspec
I, [2014-02-23T08:54:24.574005 #5969]  INFO -- : 0:  highline (1.6.20) from /Users/vlad/.rvm/gems/ruby-2.0.0-p353/specifications/highline-1.6.20.gemspec
I, [2014-02-23T08:54:26.220606 #5969]  INFO -- : 0:  commander (4.1.6) from /Users/vlad/.rvm/gems/ruby-2.0.0-p353/specifications/commander-4.1.6.gemspec
I, [2014-02-23T08:54:27.909046 #5969]  INFO -- : 0:  fssm (0.2.10) from /Users/vlad/.rvm/gems/ruby-2.0.0-p353/specifications/fssm-0.2.10.gemspec
I, [2014-02-23T08:54:30.152580 #5969]  INFO -- : 0:  sass (3.2.14) from /Users/vlad/.rvm/gems/ruby-2.0.0-p353/specifications/sass-3.2.14.gemspec
I, [2014-02-23T08:54:35.386534 #5969]  INFO -- : 0:  compass (0.12.2) from /Users/vlad/.rvm/gems/ruby-2.0.0-p353/specifications/compass-0.12.2.gemspec
I, [2014-02-23T08:54:36.813330 #5969]  INFO -- : 0:  daemons (1.1.9) from /Users/vlad/.rvm/gems/ruby-2.0.0-p353/specifications/daemons-1.1.9.gemspec
I, [2014-02-23T08:54:49.849792 #5969]  INFO -- : 0:  eventmachine (1.0.3) from /Users/vlad/.rvm/gems/ruby-2.0.0-p353/specifications/eventmachine-1.0.3.gemspec
I, [2014-02-23T08:54:58.229637 #5969]  INFO -- : 0:  ffi (1.9.3) from /Users/vlad/.rvm/gems/ruby-2.0.0-p353/specifications/ffi-1.9.3.gemspec
I, [2014-02-23T08:54:59.710750 #5969]  INFO -- : 0:  hike (1.2.3) from /Users/vlad/.rvm/gems/ruby-2.0.0-p353/specifications/hike-1.2.3.gemspec
I, [2014-02-23T08:55:01.332948 #5969]  INFO -- : 0:  liquid (2.5.5) from /Users/vlad/.rvm/gems/ruby-2.0.0-p353/specifications/liquid-2.5.5.gemspec
I, [2014-02-23T08:55:03.127397 #5969]  INFO -- : 0:  rb-fsevent (0.9.4) from /Users/vlad/.rvm/gems/ruby-2.0.0-p353/specifications/rb-fsevent-0.9.4.gemspec
I, [2014-02-23T08:55:04.623107 #5969]  INFO -- : 0:  rb-inotify (0.9.3) from /Users/vlad/.rvm/gems/ruby-2.0.0-p353/specifications/rb-inotify-0.9.3.gemspec
I, [2014-02-23T08:55:06.300330 #5969]  INFO -- : 0:  rb-kqueue (0.2.2) from /Users/vlad/.rvm/gems/ruby-2.0.0-p353/specifications/rb-kqueue-0.2.2.gemspec
I, [2014-02-23T08:55:07.880976 #5969]  INFO -- : 0:  listen (1.3.1) from /Users/vlad/.rvm/gems/ruby-2.0.0-p353/specifications/listen-1.3.1.gemspec
I, [2014-02-23T08:55:09.599684 #5969]  INFO -- : 0:  syntax (1.2.0) from /Users/vlad/.rvm/gems/ruby-2.0.0-p353/specifications/syntax-1.2.0.gemspec
I, [2014-02-23T08:55:11.675368 #5969]  INFO -- : 0:  maruku (0.6.1) from /Users/vlad/.rvm/gems/ruby-2.0.0-p353/specifications/maruku-0.6.1.gemspec
I, [2014-02-23T08:55:13.535337 #5969]  INFO -- : 0:  posix-spawn (0.3.8) from /Users/vlad/.rvm/gems/ruby-2.0.0-p353/specifications/posix-spawn-0.3.8.gemspec
I, [2014-02-23T08:55:16.924884 #5969]  INFO -- : 0:  yajl-ruby (1.1.0) from /Users/vlad/.rvm/gems/ruby-2.0.0-p353/specifications/yajl-ruby-1.1.0.gemspec
I, [2014-02-23T08:55:22.167394 #5969]  INFO -- : 0:  pygments.rb (0.5.4) from /Users/vlad/.rvm/gems/ruby-2.0.0-p353/specifications/pygments.rb-0.5.4.gemspec
I, [2014-02-23T08:55:25.158541 #5969]  INFO -- : 0:  redcarpet (2.3.0) from /Users/vlad/.rvm/gems/ruby-2.0.0-p353/specifications/redcarpet-2.3.0.gemspec
I, [2014-02-23T08:55:26.677385 #5969]  INFO -- : 0:  safe_yaml (0.9.7) from /Users/vlad/.rvm/gems/ruby-2.0.0-p353/specifications/safe_yaml-0.9.7.gemspec
I, [2014-02-23T08:55:28.957751 #5969]  INFO -- : 0:  jekyll (1.3.1) from /Users/vlad/.rvm/gems/ruby-2.0.0-p353/specifications/jekyll-1.3.1.gemspec
I, [2014-02-23T08:55:30.582540 #5969]  INFO -- : 0:  multi_json (1.8.4) from /Users/vlad/.rvm/gems/ruby-2.0.0-p353/specifications/multi_json-1.8.4.gemspec
I, [2014-02-23T08:55:32.635588 #5969]  INFO -- : 0:  rack (1.5.2) from /Users/vlad/.rvm/gems/ruby-2.0.0-p353/specifications/rack-1.5.2.gemspec
I, [2014-02-23T08:55:34.246133 #5969]  INFO -- : 0:  tilt (1.4.1) from /Users/vlad/.rvm/gems/ruby-2.0.0-p353/specifications/tilt-1.4.1.gemspec
I, [2014-02-23T08:55:35.898666 #5969]  INFO -- : 0:  sprockets (2.11.0) from /Users/vlad/.rvm/gems/ruby-2.0.0-p353/specifications/sprockets-2.11.0.gemspec
I, [2014-02-23T08:55:37.536545 #5969]  INFO -- : 0:  jekyll-assets (0.7.6) from /Users/vlad/.rvm/gems/ruby-2.0.0-p353/specifications/jekyll-assets-0.7.6.gemspec
I, [2014-02-23T08:55:41.374766 #5969]  INFO -- : 0:  json (1.8.1) from /Users/vlad/.rvm/gems/ruby-2.0.0-p353/specifications/json-1.8.1.gemspec
I, [2014-02-23T08:55:43.662864 #5969]  INFO -- : 0:  puma (2.6.0) from /Users/vlad/.rvm/gems/ruby-2.0.0-p353/specifications/puma-2.6.0.gemspec
I, [2014-02-23T08:55:45.343002 #5969]  INFO -- : 0:  rack-contrib (1.1.0) from /Users/vlad/.rvm/gems/ruby-2.0.0-p353/specifications/rack-contrib-1.1.0.gemspec
I, [2014-02-23T08:55:46.910358 #5969]  INFO -- : 0:  rack-jekyll (0.4.1) from /Users/vlad/.rvm/gems/ruby-2.0.0-p353/specifications/rack-jekyll-0.4.1.gemspec
I, [2014-02-23T08:55:48.491054 #5969]  INFO -- : 0:  rubypython (0.6.3) from /Users/vlad/.rvm/gems/ruby-2.0.0-p353/specifications/rubypython-0.6.3.gemspec
I, [2014-02-23T08:55:50.048534 #5969]  INFO -- : 0:  shotgun (0.9) from /Users/vlad/.rvm/gems/ruby-2.0.0-p353/specifications/shotgun-0.9.gemspec
I, [2014-02-23T08:55:52.158421 #5969]  INFO -- : 0:  thin (1.6.1) from /Users/vlad/.rvm/gems/ruby-2.0.0-p353/specifications/thin-1.6.1.gemspec
I, [2014-02-23T08:55:53.827687 #5969]  INFO -- : 0:  uglifier (2.3.3) from /Users/vlad/.rvm/gems/ruby-2.0.0-p353/specifications/uglifier-2.3.3.gemspec
I, [2014-02-23T08:55:53.828114 #5969]  INFO -- : 0:  bundler (1.5.1) from /Users/vlad/.rvm/gems/ruby-2.0.0-p353@global/specifications/bundler-1.5.1.gemspec
